  0.01 bw
  0.01 by
  0.01 gt
  0.01 jo
  0.01 om
  0.03 int
  0.03 lv
  0.03 zm
  0.04 at
  0.04 br
  0.04 mil
  0.04 ph
  0.04 qa
  0.04 tv
  0.04 ua
  0.05 be
  0.05 bt
  0.05 lu
  0.05 np
  0.05 org
  0.07 cn
  0.07 is
  0.08 ee
  0.08 gh
  0.08 lt
  0.09 sy
  0.12 sk
  0.12 yu
  0.14 ch
  0.15 co
  0.15 kz
  0.15 pk
  0.16 ro
  0.18 th
  0.19 za
  0.20 ru
  0.22 in
  0.23 es
  0.27 ie
  0.31 fr
  0.42 it
  0.45 my
  0.50 dk
  0.54 bg
  0.58 mu
  0.59 ae
  0.62 gr
  0.65 ca
  0.65 sg
  0.66 hk
  0.69 hr
  0.73 tw
  0.93 nz
  0.96 nl
  1.00 fi
  1.04 se
  1.18 il
  1.20 hu
  1.50 id
  1.51 pl
  1.55 de
  1.61 cz
  1.80 au
  3.89 net
  3.99 edu
  5.88 jp
  6.75 uk
 54.38 com
